Arguments: 
  /usr/bin/nodejs /usr/bin/yarn

PATH: 
  /usr/local/heroku/bin:/usr/local/sbin:/usr/local/bin:/usr/sbin:/usr/bin:/sbin:/bin

Yarn version: 
  1.3.2

Node version: 
  7.10.0

Platform: 
  linux x64

npm manifest: 
  {
    "name": "nodejs-52days-server",
    "version": "1.0.0",
    "description": "",
    "main": "server.js",
    "scripts": {
      "test": "echo \"Error: no test specified\" && exit 1",
      "start": "nodemon server.js" 
    },
    "author": "",
    "license": "ISC",
    "devDependencies": {
      "nodemon": "^1.14.8"
    },
    "dependencies": {
      "express": "^4.16.2",
      "https": "^1.0.0",
      "mongoose": "^4.13.9",
      "request": "^2.83.0",
      "urlencode": "^1.1.0"
    }
  }

yarn manifest: 
  No manifest

Lockfile: 
  No lockfile

Trace: 
  SyntaxError: /home/push/package.json: Unexpected token } in JSON at position 212
      at JSON.parse (<anonymous>)
      at /usr/lib/node_modules/yarn/lib/cli.js:770:59
      at Generator.next (<anonymous>)
      at step (/usr/lib/node_modules/yarn/lib/cli.js:92:30)
      at /usr/lib/node_modules/yarn/lib/cli.js:103:13
